{"D:\\Geekbrains\\VUEjs\\Homework\\GB_vuejs\\grossbook\\src\\App.vue": {"path":"D:\\Geekbrains\\VUEjs\\Homework\\GB_vuejs\\grossbook\\src\\App.vue","statementMap":{"0":{"start":{"line":37,"column":0},"end":{"line":37,"column":null}},"1":{"start":{"line":38,"column":0},"end":{"line":38,"column":null}},"2":{"start":{"line":39,"column":0},"end":{"line":39,"column":null}},"3":{"start":{"line":41,"column":0},"end":{"line":41,"column":null}},"4":{"start":{"line":61,"column":0},"end":{"line":61,"column":null}}},"fnMap":{"0":{"name":"mounted","decl":{"start":{"line":60,"column":0},"end":{"line":60,"column":null}},"loc":{"start":{"line":60,"column":0},"end":{"line":63,"column":null}}}},"branchMap":{},"s":{"0":0,"1":0,"2":0,"3":0,"4":0},"f":{"0":0},"b":{}}
,"D:\\Geekbrains\\VUEjs\\Homework\\GB_vuejs\\grossbook\\src\\main.js": {"path":"D:\\Geekbrains\\VUEjs\\Homework\\GB_vuejs\\grossbook\\src\\main.js","statementMap":{"0":{"start":{"line":9,"column":0},"end":{"line":9,"column":32}},"1":{"start":{"line":10,"column":0},"end":{"line":10,"column":14}},"2":{"start":{"line":12,"column":0},"end":{"line":16,"column":17}},"3":{"start":{"line":13,"column":15},"end":{"line":13,"column":21}}},"fnMap":{"0":{"name":"(anonymous_0)","decl":{"start":{"line":13,"column":10},"end":{"line":13,"column":11}},"loc":{"start":{"line":13,"column":15},"end":{"line":13,"column":21}},"line":13}},"branchMap":{},"s":{"0":0,"1":0,"2":0,"3":0},"f":{"0":0},"b":{}}
,"D:\\Geekbrains\\VUEjs\\Homework\\GB_vuejs\\grossbook\\src\\components\\Pagination.vue": {"path":"D:\\Geekbrains\\VUEjs\\Homework\\GB_vuejs\\grossbook\\src\\components\\Pagination.vue","statementMap":{"0":{"start":{"line":13,"column":0},"end":{"line":13,"column":null}},"1":{"start":{"line":17,"column":0},"end":{"line":17,"column":null}}},"fnMap":{"0":{"name":"data","decl":{"start":{"line":16,"column":0},"end":{"line":16,"column":null}},"loc":{"start":{"line":16,"column":0},"end":{"line":20,"column":null}}}},"branchMap":{},"s":{"0":0,"1":0},"f":{"0":0},"b":{}}
,"D:\\Geekbrains\\VUEjs\\Homework\\GB_vuejs\\grossbook\\src\\components\\PaymentForm.vue": {"path":"D:\\Geekbrains\\VUEjs\\Homework\\GB_vuejs\\grossbook\\src\\components\\PaymentForm.vue","statementMap":{"0":{"start":{"line":28,"column":0},"end":{"line":28,"column":null}},"1":{"start":{"line":33,"column":0},"end":{"line":33,"column":null}},"2":{"start":{"line":47,"column":0},"end":{"line":47,"column":null}},"3":{"start":{"line":48,"column":0},"end":{"line":48,"column":null}},"4":{"start":{"line":53,"column":0},"end":{"line":53,"column":null}},"5":{"start":{"line":59,"column":0},"end":{"line":59,"column":null}},"6":{"start":{"line":62,"column":0},"end":{"line":62,"column":null}},"7":{"start":{"line":63,"column":0},"end":{"line":63,"column":null}},"8":{"start":{"line":64,"column":0},"end":{"line":64,"column":null}},"9":{"start":{"line":65,"column":0},"end":{"line":65,"column":null}},"10":{"start":{"line":68,"column":0},"end":{"line":101,"column":null}},"11":{"start":{"line":70,"column":0},"end":{"line":70,"column":null}},"12":{"start":{"line":71,"column":0},"end":{"line":71,"column":null}},"13":{"start":{"line":72,"column":0},"end":{"line":72,"column":null}},"14":{"start":{"line":73,"column":0},"end":{"line":73,"column":null}},"15":{"start":{"line":74,"column":0},"end":{"line":74,"column":null}},"16":{"start":{"line":75,"column":0},"end":{"line":75,"column":null}},"17":{"start":{"line":76,"column":0},"end":{"line":76,"column":null}},"18":{"start":{"line":79,"column":0},"end":{"line":79,"column":null}},"19":{"start":{"line":80,"column":0},"end":{"line":80,"column":null}},"20":{"start":{"line":83,"column":0},"end":{"line":83,"column":null}},"21":{"start":{"line":86,"column":0},"end":{"line":92,"column":null}},"22":{"start":{"line":87,"column":0},"end":{"line":87,"column":null}},"23":{"start":{"line":88,"column":0},"end":{"line":88,"column":null}},"24":{"start":{"line":89,"column":0},"end":{"line":89,"column":null}},"25":{"start":{"line":90,"column":0},"end":{"line":90,"column":null}},"26":{"start":{"line":91,"column":0},"end":{"line":91,"column":null}},"27":{"start":{"line":95,"column":0},"end":{"line":100,"column":null}},"28":{"start":{"line":96,"column":0},"end":{"line":96,"column":null}},"29":{"start":{"line":97,"column":0},"end":{"line":97,"column":null}},"30":{"start":{"line":98,"column":0},"end":{"line":98,"column":null}},"31":{"start":{"line":99,"column":0},"end":{"line":99,"column":null}}},"fnMap":{"0":{"name":"data","decl":{"start":{"line":32,"column":0},"end":{"line":32,"column":null}},"loc":{"start":{"line":32,"column":0},"end":{"line":40,"column":null}}},"1":{"name":"setPrepValues","decl":{"start":{"line":46,"column":0},"end":{"line":46,"column":null}},"loc":{"start":{"line":46,"column":0},"end":{"line":49,"column":null}}},"2":{"name":"toggleAddForm","decl":{"start":{"line":52,"column":0},"end":{"line":52,"column":null}},"loc":{"start":{"line":52,"column":0},"end":{"line":54,"column":null}}},"3":{"name":"getCatId","decl":{"start":{"line":58,"column":0},"end":{"line":58,"column":null}},"loc":{"start":{"line":58,"column":0},"end":{"line":60,"column":null}}},"4":{"name":"save","decl":{"start":{"line":61,"column":0},"end":{"line":61,"column":null}},"loc":{"start":{"line":61,"column":0},"end":{"line":66,"column":null}}},"5":{"name":"setRowFromUrl","decl":{"start":{"line":67,"column":0},"end":{"line":67,"column":null}},"loc":{"start":{"line":67,"column":0},"end":{"line":102,"column":null}}}},"branchMap":{"0":{"loc":{"start":{"line":64,"column":0},"end":{"line":64,"column":null}},"type":"cond-expr","locations":[{"start":{"line":64,"column":0},"end":{"line":64,"column":null}},{"start":{"line":64,"column":0},"end":{"line":64,"column":null}}]},"1":{"loc":{"start":{"line":68,"column":0},"end":{"line":101,"column":null}},"type":"if","locations":[{"start":{"line":68,"column":0},"end":{"line":101,"column":null}},{"start":{"line":68,"column":0},"end":{"line":101,"column":null}}]},"2":{"loc":{"start":{"line":75,"column":0},"end":{"line":75,"column":null}},"type":"cond-expr","locations":[{"start":{"line":75,"column":0},"end":{"line":75,"column":null}},{"start":{"line":75,"column":0},"end":{"line":75,"column":null}}]},"3":{"loc":{"start":{"line":76,"column":0},"end":{"line":76,"column":null}},"type":"cond-expr","locations":[{"start":{"line":76,"column":0},"end":{"line":76,"column":null}},{"start":{"line":76,"column":0},"end":{"line":76,"column":null}}]},"4":{"loc":{"start":{"line":79,"column":0},"end":{"line":79,"column":null}},"type":"if","locations":[{"start":{"line":79,"column":0},"end":{"line":79,"column":null}},{"start":{"line":79,"column":0},"end":{"line":79,"column":null}}]},"5":{"loc":{"start":{"line":80,"column":0},"end":{"line":80,"column":null}},"type":"if","locations":[{"start":{"line":80,"column":0},"end":{"line":80,"column":null}},{"start":{"line":80,"column":0},"end":{"line":80,"column":null}}]},"6":{"loc":{"start":{"line":86,"column":0},"end":{"line":92,"column":null}},"type":"if","locations":[{"start":{"line":86,"column":0},"end":{"line":92,"column":null}},{"start":{"line":86,"column":0},"end":{"line":92,"column":null}}]},"7":{"loc":{"start":{"line":86,"column":0},"end":{"line":86,"column":null}},"type":"binary-expr","locations":[{"start":{"line":86,"column":0},"end":{"line":86,"column":null}},{"start":{"line":86,"column":0},"end":{"line":86,"column":null}}]},"8":{"loc":{"start":{"line":95,"column":0},"end":{"line":100,"column":null}},"type":"if","locations":[{"start":{"line":95,"column":0},"end":{"line":100,"column":null}},{"start":{"line":95,"column":0},"end":{"line":100,"column":null}}]},"9":{"loc":{"start":{"line":95,"column":0},"end":{"line":95,"column":null}},"type":"binary-expr","locations":[{"start":{"line":95,"column":0},"end":{"line":95,"column":null}},{"start":{"line":95,"column":0},"end":{"line":95,"column":null}}]}},"s":{"0":1,"1":5,"2":13,"3":5,"4":2,"5":0,"6":9,"7":27,"8":9,"9":0,"10":13,"11":11,"12":11,"13":11,"14":11,"15":11,"16":11,"17":11,"18":22,"19":22,"20":11,"21":11,"22":8,"23":8,"24":8,"25":8,"26":0,"27":3,"28":3,"29":3,"30":3,"31":3},"f":{"0":5,"1":13,"2":2,"3":0,"4":9,"5":13},"b":{"0":[0,0],"1":[11,2],"2":[8,3],"3":[8,3],"4":[11,0],"5":[11,0],"6":[8,3],"7":[11,8],"8":[3,0],"9":[3,0]}}
,"D:\\Geekbrains\\VUEjs\\Homework\\GB_vuejs\\grossbook\\src\\components\\PaymentsList.vue": {"path":"D:\\Geekbrains\\VUEjs\\Homework\\GB_vuejs\\grossbook\\src\\components\\PaymentsList.vue","statementMap":{"0":{"start":{"line":23,"column":0},"end":{"line":23,"column":null}},"1":{"start":{"line":25,"column":0},"end":{"line":25,"column":null}},"2":{"start":{"line":44,"column":0},"end":{"line":44,"column":null}}},"fnMap":{"0":{"name":"findCat","decl":{"start":{"line":43,"column":0},"end":{"line":43,"column":null}},"loc":{"start":{"line":43,"column":0},"end":{"line":45,"column":null}}},"1":{"name":"(anonymous_9)","decl":{"start":{"line":44,"column":0},"end":{"line":44,"column":null}},"loc":{"start":{"line":44,"column":0},"end":{"line":44,"column":null}}}},"branchMap":{},"s":{"0":0,"1":0,"2":0},"f":{"0":0,"1":0},"b":{}}
,"D:\\Geekbrains\\VUEjs\\Homework\\GB_vuejs\\grossbook\\src\\components\\popup.vue": {"path":"D:\\Geekbrains\\VUEjs\\Homework\\GB_vuejs\\grossbook\\src\\components\\popup.vue","statementMap":{"0":{"start":{"line":36,"column":0},"end":{"line":36,"column":null}},"1":{"start":{"line":45,"column":0},"end":{"line":45,"column":null}},"2":{"start":{"line":64,"column":0},"end":{"line":64,"column":null}},"3":{"start":{"line":67,"column":0},"end":{"line":67,"column":null}},"4":{"start":{"line":70,"column":0},"end":{"line":70,"column":null}},"5":{"start":{"line":71,"column":0},"end":{"line":71,"column":null}},"6":{"start":{"line":72,"column":0},"end":{"line":72,"column":null}},"7":{"start":{"line":73,"column":0},"end":{"line":73,"column":null}},"8":{"start":{"line":74,"column":0},"end":{"line":74,"column":null}},"9":{"start":{"line":77,"column":0},"end":{"line":77,"column":null}},"10":{"start":{"line":78,"column":0},"end":{"line":78,"column":null}},"11":{"start":{"line":82,"column":0},"end":{"line":82,"column":null}}},"fnMap":{"0":{"name":"data","decl":{"start":{"line":44,"column":0},"end":{"line":44,"column":null}},"loc":{"start":{"line":44,"column":0},"end":{"line":52,"column":null}}},"1":{"name":"onShow","decl":{"start":{"line":63,"column":0},"end":{"line":63,"column":null}},"loc":{"start":{"line":63,"column":0},"end":{"line":65,"column":null}}},"2":{"name":"handleDelRow","decl":{"start":{"line":66,"column":0},"end":{"line":66,"column":null}},"loc":{"start":{"line":66,"column":0},"end":{"line":68,"column":null}}},"3":{"name":"getRow","decl":{"start":{"line":69,"column":0},"end":{"line":69,"column":null}},"loc":{"start":{"line":69,"column":0},"end":{"line":75,"column":null}}},"4":{"name":"(anonymous_11)","decl":{"start":{"line":70,"column":0},"end":{"line":70,"column":null}},"loc":{"start":{"line":70,"column":0},"end":{"line":70,"column":null}}},"5":{"name":"editOneRow","decl":{"start":{"line":76,"column":0},"end":{"line":76,"column":null}},"loc":{"start":{"line":76,"column":0},"end":{"line":79,"column":null}}},"6":{"name":"mounted","decl":{"start":{"line":81,"column":0},"end":{"line":81,"column":null}},"loc":{"start":{"line":81,"column":0},"end":{"line":83,"column":null}}}},"branchMap":{},"s":{"0":0,"1":0,"2":0,"3":0,"4":0,"5":0,"6":0,"7":0,"8":0,"9":0,"10":0,"11":0},"f":{"0":0,"1":0,"2":0,"3":0,"4":0,"5":0,"6":0},"b":{}}
,"D:\\Geekbrains\\VUEjs\\Homework\\GB_vuejs\\grossbook\\src\\plugins\\ModalWindow\\index.js": {"path":"D:\\Geekbrains\\VUEjs\\Homework\\GB_vuejs\\grossbook\\src\\plugins\\ModalWindow\\index.js","statementMap":{"0":{"start":{"line":3,"column":4},"end":{"line":5,"column":5}},"1":{"start":{"line":4,"column":6},"end":{"line":4,"column":12}},"2":{"start":{"line":7,"column":4},"end":{"line":7,"column":25}},"3":{"start":{"line":9,"column":4},"end":{"line":19,"column":5}}},"fnMap":{"0":{"name":"(anonymous_0)","decl":{"start":{"line":2,"column":2},"end":{"line":2,"column":3}},"loc":{"start":{"line":2,"column":16},"end":{"line":20,"column":3}},"line":2}},"branchMap":{"0":{"loc":{"start":{"line":3,"column":4},"end":{"line":5,"column":5}},"type":"if","locations":[{"start":{"line":3,"column":4},"end":{"line":5,"column":5}},{"start":{"line":3,"column":4},"end":{"line":5,"column":5}}],"line":3}},"s":{"0":0,"1":0,"2":0,"3":0},"f":{"0":0},"b":{"0":[0,0]}}
,"D:\\Geekbrains\\VUEjs\\Homework\\GB_vuejs\\grossbook\\src\\router\\index.js": {"path":"D:\\Geekbrains\\VUEjs\\Homework\\GB_vuejs\\grossbook\\src\\router\\index.js","statementMap":{"0":{"start":{"line":6,"column":0},"end":{"line":6,"column":15}},"1":{"start":{"line":8,"column":15},"end":{"line":22,"column":2}}},"fnMap":{},"branchMap":{},"s":{"0":0,"1":0},"f":{},"b":{}}
,"D:\\Geekbrains\\VUEjs\\Homework\\GB_vuejs\\grossbook\\src\\store\\index.js": {"path":"D:\\Geekbrains\\VUEjs\\Homework\\GB_vuejs\\grossbook\\src\\store\\index.js","statementMap":{"0":{"start":{"line":4,"column":0},"end":{"line":4,"column":13}},"1":{"start":{"line":26,"column":6},"end":{"line":26,"column":29}},"2":{"start":{"line":29,"column":6},"end":{"line":29,"column":36}},"3":{"start":{"line":30,"column":6},"end":{"line":30,"column":64}},"4":{"start":{"line":31,"column":6},"end":{"line":31,"column":45}},"5":{"start":{"line":32,"column":6},"end":{"line":32,"column":67}},"6":{"start":{"line":35,"column":16},"end":{"line":35,"column":23}},"7":{"start":{"line":36,"column":6},"end":{"line":36,"column":25}},"8":{"start":{"line":37,"column":6},"end":{"line":37,"column":108}},"9":{"start":{"line":40,"column":29},"end":{"line":40,"column":32}},"10":{"start":{"line":41,"column":6},"end":{"line":41,"column":54}},"11":{"start":{"line":44,"column":6},"end":{"line":44,"column":62}},"12":{"start":{"line":44,"column":49},"end":{"line":44,"column":61}},"13":{"start":{"line":45,"column":6},"end":{"line":45,"column":64}},"14":{"start":{"line":46,"column":6},"end":{"line":46,"column":45}},"15":{"start":{"line":47,"column":6},"end":{"line":47,"column":67}},"16":{"start":{"line":48,"column":6},"end":{"line":48,"column":23}},"17":{"start":{"line":51,"column":6},"end":{"line":56,"column":8}},"18":{"start":{"line":52,"column":8},"end":{"line":55,"column":9}},"19":{"start":{"line":53,"column":10},"end":{"line":53,"column":30}},"20":{"start":{"line":54,"column":10},"end":{"line":54,"column":36}},"21":{"start":{"line":61,"column":29},"end":{"line":61,"column":43}},"22":{"start":{"line":62,"column":25},"end":{"line":62,"column":38}},"23":{"start":{"line":64,"column":6},"end":{"line":64,"column":67}},"24":{"start":{"line":64,"column":48},"end":{"line":64,"column":63}},"25":{"start":{"line":66,"column":23},"end":{"line":66,"column":34}},"26":{"start":{"line":67,"column":25},"end":{"line":67,"column":38}},"27":{"start":{"line":68,"column":26},"end":{"line":68,"column":42}},"28":{"start":{"line":78,"column":6},"end":{"line":117,"column":10}},"29":{"start":{"line":79,"column":8},"end":{"line":107,"column":16}},"30":{"start":{"line":80,"column":10},"end":{"line":106,"column":12}},"31":{"start":{"line":111,"column":10},"end":{"line":111,"column":39}},"32":{"start":{"line":114,"column":10},"end":{"line":114,"column":49}},"33":{"start":{"line":115,"column":10},"end":{"line":115,"column":60}},"34":{"start":{"line":116,"column":10},"end":{"line":116,"column":73}}},"fnMap":{"0":{"name":"(anonymous_0)","decl":{"start":{"line":25,"column":4},"end":{"line":25,"column":5}},"loc":{"start":{"line":25,"column":36},"end":{"line":27,"column":5}},"line":25},"1":{"name":"(anonymous_1)","decl":{"start":{"line":28,"column":4},"end":{"line":28,"column":5}},"loc":{"start":{"line":28,"column":28},"end":{"line":33,"column":5}},"line":28},"2":{"name":"(anonymous_2)","decl":{"start":{"line":34,"column":13},"end":{"line":34,"column":14}},"loc":{"start":{"line":34,"column":29},"end":{"line":38,"column":5}},"line":34},"3":{"name":"(anonymous_3)","decl":{"start":{"line":39,"column":17},"end":{"line":39,"column":18}},"loc":{"start":{"line":39,"column":33},"end":{"line":42,"column":5}},"line":39},"4":{"name":"(anonymous_4)","decl":{"start":{"line":43,"column":15},"end":{"line":43,"column":16}},"loc":{"start":{"line":43,"column":30},"end":{"line":49,"column":5}},"line":43},"5":{"name":"(anonymous_5)","decl":{"start":{"line":44,"column":43},"end":{"line":44,"column":44}},"loc":{"start":{"line":44,"column":49},"end":{"line":44,"column":61}},"line":44},"6":{"name":"(anonymous_6)","decl":{"start":{"line":50,"column":13},"end":{"line":50,"column":14}},"loc":{"start":{"line":50,"column":29},"end":{"line":57,"column":5}},"line":50},"7":{"name":"(anonymous_7)","decl":{"start":{"line":51,"column":24},"end":{"line":51,"column":25}},"loc":{"start":{"line":51,"column":30},"end":{"line":56,"column":7}},"line":51},"8":{"name":"(anonymous_8)","decl":{"start":{"line":61,"column":20},"end":{"line":61,"column":21}},"loc":{"start":{"line":61,"column":29},"end":{"line":61,"column":43}},"line":61},"9":{"name":"(anonymous_9)","decl":{"start":{"line":62,"column":16},"end":{"line":62,"column":17}},"loc":{"start":{"line":62,"column":25},"end":{"line":62,"column":38}},"line":62},"10":{"name":"(anonymous_10)","decl":{"start":{"line":63,"column":20},"end":{"line":63,"column":21}},"loc":{"start":{"line":63,"column":29},"end":{"line":65,"column":5}},"line":63},"11":{"name":"(anonymous_11)","decl":{"start":{"line":64,"column":34},"end":{"line":64,"column":35}},"loc":{"start":{"line":64,"column":48},"end":{"line":64,"column":63}},"line":64},"12":{"name":"(anonymous_12)","decl":{"start":{"line":66,"column":14},"end":{"line":66,"column":15}},"loc":{"start":{"line":66,"column":23},"end":{"line":66,"column":34}},"line":66},"13":{"name":"(anonymous_13)","decl":{"start":{"line":67,"column":16},"end":{"line":67,"column":17}},"loc":{"start":{"line":67,"column":25},"end":{"line":67,"column":38}},"line":67},"14":{"name":"(anonymous_14)","decl":{"start":{"line":68,"column":17},"end":{"line":68,"column":18}},"loc":{"start":{"line":68,"column":26},"end":{"line":68,"column":42}},"line":68},"15":{"name":"(anonymous_15)","decl":{"start":{"line":77,"column":4},"end":{"line":77,"column":5}},"loc":{"start":{"line":77,"column":34},"end":{"line":118,"column":5}},"line":77},"16":{"name":"(anonymous_16)","decl":{"start":{"line":78,"column":25},"end":{"line":78,"column":26}},"loc":{"start":{"line":78,"column":46},"end":{"line":108,"column":7}},"line":78},"17":{"name":"(anonymous_17)","decl":{"start":{"line":79,"column":19},"end":{"line":79,"column":20}},"loc":{"start":{"line":79,"column":25},"end":{"line":107,"column":9}},"line":79},"18":{"name":"(anonymous_18)","decl":{"start":{"line":109,"column":14},"end":{"line":109,"column":15}},"loc":{"start":{"line":109,"column":21},"end":{"line":117,"column":9}},"line":109}},"branchMap":{"0":{"loc":{"start":{"line":52,"column":8},"end":{"line":55,"column":9}},"type":"if","locations":[{"start":{"line":52,"column":8},"end":{"line":55,"column":9}},{"start":{"line":52,"column":8},"end":{"line":55,"column":9}}],"line":52}},"s":{"0":0,"1":0,"2":0,"3":0,"4":0,"5":0,"6":0,"7":0,"8":0,"9":0,"10":0,"11":0,"12":0,"13":0,"14":0,"15":0,"16":0,"17":0,"18":0,"19":0,"20":0,"21":0,"22":0,"23":0,"24":0,"25":0,"26":0,"27":0,"28":0,"29":0,"30":0,"31":0,"32":0,"33":0,"34":0},"f":{"0":0,"1":0,"2":0,"3":0,"4":0,"5":0,"6":0,"7":0,"8":0,"9":0,"10":0,"11":0,"12":0,"13":0,"14":0,"15":0,"16":0,"17":0,"18":0},"b":{"0":[0,0]}}
}
