TN:
SF:src\App.vue
FN:60,mounted
FNF:1
FNH:0
FNDA:0,mounted
DA:37,0
DA:38,0
DA:39,0
DA:41,0
DA:61,0
LF:5
LH:0
BRF:0
BRH:0
end_of_record
TN:
SF:src\main.js
FN:13,(anonymous_0)
FNF:1
FNH:0
FNDA:0,(anonymous_0)
DA:9,0
DA:10,0
DA:12,0
DA:13,0
LF:4
LH:0
BRF:0
BRH:0
end_of_record
TN:
SF:src\components\Pagination.vue
FN:16,data
FNF:1
FNH:0
FNDA:0,data
DA:13,0
DA:17,0
LF:2
LH:0
BRF:0
BRH:0
end_of_record
TN:
SF:src\components\PaymentForm.vue
FN:32,data
FN:46,setPrepValues
FN:52,toggleAddForm
FN:58,getCatId
FN:61,save
FN:67,setRowFromUrl
FNF:6
FNH:5
FNDA:5,data
FNDA:13,setPrepValues
FNDA:2,toggleAddForm
FNDA:0,getCatId
FNDA:9,save
FNDA:13,setRowFromUrl
DA:28,1
DA:33,5
DA:47,13
DA:48,5
DA:53,2
DA:59,0
DA:62,9
DA:63,27
DA:64,9
DA:65,0
DA:68,13
DA:70,11
DA:71,11
DA:72,11
DA:73,11
DA:74,11
DA:75,11
DA:76,11
DA:79,22
DA:80,22
DA:83,11
DA:86,11
DA:87,8
DA:88,8
DA:89,8
DA:90,8
DA:91,0
DA:95,3
DA:96,3
DA:97,3
DA:98,3
DA:99,3
LF:32
LH:29
BRDA:64,0,0,0
BRDA:64,0,1,0
BRDA:68,1,0,11
BRDA:68,1,1,2
BRDA:75,2,0,8
BRDA:75,2,1,3
BRDA:76,3,0,8
BRDA:76,3,1,3
BRDA:79,4,0,11
BRDA:79,4,1,0
BRDA:80,5,0,11
BRDA:80,5,1,0
BRDA:86,6,0,8
BRDA:86,6,1,3
BRDA:86,7,0,11
BRDA:86,7,1,8
BRDA:95,8,0,3
BRDA:95,8,1,0
BRDA:95,9,0,3
BRDA:95,9,1,0
BRF:20
BRH:14
end_of_record
TN:
SF:src\components\PaymentsList.vue
FN:43,findCat
FN:44,(anonymous_9)
FNF:2
FNH:0
FNDA:0,findCat
FNDA:0,(anonymous_9)
DA:23,0
DA:25,0
DA:44,0
LF:3
LH:0
BRF:0
BRH:0
end_of_record
TN:
SF:src\components\popup.vue
FN:44,data
FN:63,onShow
FN:66,handleDelRow
FN:69,getRow
FN:70,(anonymous_11)
FN:76,editOneRow
FN:81,mounted
FNF:7
FNH:0
FNDA:0,data
FNDA:0,onShow
FNDA:0,handleDelRow
FNDA:0,getRow
FNDA:0,(anonymous_11)
FNDA:0,editOneRow
FNDA:0,mounted
DA:36,0
DA:45,0
DA:64,0
DA:67,0
DA:70,0
DA:71,0
DA:72,0
DA:73,0
DA:74,0
DA:77,0
DA:78,0
DA:82,0
LF:12
LH:0
BRF:0
BRH:0
end_of_record
TN:
SF:src\plugins\ModalWindow\index.js
FN:2,(anonymous_0)
FNF:1
FNH:0
FNDA:0,(anonymous_0)
DA:3,0
DA:4,0
DA:7,0
DA:9,0
LF:4
LH:0
BRDA:3,0,0,0
BRDA:3,0,1,0
BRF:2
BRH:0
end_of_record
TN:
SF:src\router\index.js
FNF:0
FNH:0
DA:6,0
DA:8,0
LF:2
LH:0
BRF:0
BRH:0
end_of_record
TN:
SF:src\store\index.js
FN:25,(anonymous_0)
FN:28,(anonymous_1)
FN:34,(anonymous_2)
FN:39,(anonymous_3)
FN:43,(anonymous_4)
FN:44,(anonymous_5)
FN:50,(anonymous_6)
FN:51,(anonymous_7)
FN:61,(anonymous_8)
FN:62,(anonymous_9)
FN:63,(anonymous_10)
FN:64,(anonymous_11)
FN:66,(anonymous_12)
FN:67,(anonymous_13)
FN:68,(anonymous_14)
FN:77,(anonymous_15)
FN:78,(anonymous_16)
FN:79,(anonymous_17)
FN:109,(anonymous_18)
FNF:19
FNH:0
FNDA:0,(anonymous_0)
FNDA:0,(anonymous_1)
FNDA:0,(anonymous_2)
FNDA:0,(anonymous_3)
FNDA:0,(anonymous_4)
FNDA:0,(anonymous_5)
FNDA:0,(anonymous_6)
FNDA:0,(anonymous_7)
FNDA:0,(anonymous_8)
FNDA:0,(anonymous_9)
FNDA:0,(anonymous_10)
FNDA:0,(anonymous_11)
FNDA:0,(anonymous_12)
FNDA:0,(anonymous_13)
FNDA:0,(anonymous_14)
FNDA:0,(anonymous_15)
FNDA:0,(anonymous_16)
FNDA:0,(anonymous_17)
FNDA:0,(anonymous_18)
DA:4,0
DA:26,0
DA:29,0
DA:30,0
DA:31,0
DA:32,0
DA:35,0
DA:36,0
DA:37,0
DA:40,0
DA:41,0
DA:44,0
DA:45,0
DA:46,0
DA:47,0
DA:48,0
DA:51,0
DA:52,0
DA:53,0
DA:54,0
DA:61,0
DA:62,0
DA:64,0
DA:66,0
DA:67,0
DA:68,0
DA:78,0
DA:79,0
DA:80,0
DA:111,0
DA:114,0
DA:115,0
DA:116,0
LF:33
LH:0
BRDA:52,0,0,0
BRDA:52,0,1,0
BRF:2
BRH:0
end_of_record
